#
# A fatal error has been detected by the Java Runtime Environment:
#
#  SIGSEGV (0xb) at pc=0x00007fff970150dd, pid=332, tid=1811
#
# JRE version: Java(TM) SE Runtime Environment (8.0_40-b20) (build 1.8.0_40-ea-b20)
# Java VM: Java HotSpot(TM) 64-Bit Server VM (25.40-b23 mixed mode bsd-amd64 compressed oops)
# Problematic frame:
# C  [libobjc.A.dylib+0x10dd]  objc_msgSend+0x1d
#
# Failed to write core dump. Core dumps have been disabled. To enable core dumping, try "ulimit -c unlimited" before starting Java again
#
# If you would like to submit a bug report, please visit:
#   http://bugreport.java.com/bugreport/crash.jsp
# The crash happened outside the Java Virtual Machine in native code.
# See problematic frame for where to report the bug.
#

---------------  T H R E A D  ---------------

Current thread (0x00007f95729bc000):  JavaThread "JavaFX Application Thread" [_thread_in_native, id=1811, stack(0x00007fff4fd24000,0x00007fff50524000)]

siginfo: si_signo: 11 (SIGSEGV), si_code: 1 (SEGV_MAPERR), si_addr: 0x0000000000000018

Registers:
RAX=0x0000000110807000, RBX=0x00007f95729bc1f8, RCX=0x00007f9574bd88f0, RDX=0x0000000000000004
RSP=0x00007fff505164c8, RBP=0x00007fff50516910, RSI=0x00000001a79cac90, RDI=0x00007f95724255e0
R8 =0x00007f9572443960, R9 =0x0000000000000000, R10=0x00000001a79cac90, R11=0x0000000000000000
R12=0x0000000000000428, R13=0x0000000000000000, R14=0x0000000000000001, R15=0x000000011030fdaf
RIP=0x00007fff970150dd, EFLAGS=0x0000000000010246, ERR=0x0000000000000004
  TRAPNO=0x000000000000000e

Top of Stack: (sp=0x00007fff505164c8)
0x00007fff505164c8:   00000001a79b1fee 0000001050516510
0x00007fff505164d8:   0000000000000007 00007fff7790f0d0
0x00007fff505164e8:   0000000042000000 00007f9574bc43b8
0x00007fff505164f8:   00007f95729bc1f8 00007f9574bd88f0
0x00007fff50516508:   0000000000000000 00007f9574bd8290
0x00007fff50516518:   00007fff50516510 0000003002000000
0x00007fff50516528:   0000000000000003 00007fff50516568
0x00007fff50516538:   00007f9574bd82a8 0000000000000000
0x00007fff50516548:   0000000000000000 0000000000000000
0x00007fff50516558:   0000000000000000 0000000000000000
0x00007fff50516568:   00007f9572426230 0000000000000000
0x00007fff50516578:   00007fff50516570 0000003002000000
0x00007fff50516588:   00007fff8a1c8fc0 00007fff8a1c8fe0
0x00007fff50516598:   0000000000000000 000000f800000000
0x00007fff505165a8:   000000000000001d 4081c63000000000
0x00007fff505165b8:   40870c2000000000 0000000000000000
0x00007fff505165c8:   0000000000000000 0001833f9b39f1b2
0x00007fff505165d8:   0000000000100108 0000000000000000
0x00007fff505165e8:   0000000000000000 0000000400000000
0x00007fff505165f8:   0000000000000000 0000000000000001
0x00007fff50516608:   000000010007601c 000000000000014c
0x00007fff50516618:   000449e700ad5ad5 0000000000000000
0x00007fff50516628:   0000000000000000 0000000000000000
0x00007fff50516638:   0000000000000000 0000000000000000
0x00007fff50516648:   0000000000000000 0000000000000000
0x00007fff50516658:   0000000000000000 0000000000000000
0x00007fff50516668:   0000000000000000 00007f9574be8640
0x00007fff50516678:   0000000000000000 00007f9572453140
0x00007fff50516688:   0000000000000000 0000000000000000
0x00007fff50516698:   40870c2000000000 f000a63233f2b2a4
0x00007fff505166a8:   0000000000000000 00007f9574f00bd0
0x00007fff505166b8:   0000000000000008 0000000000000000 

Instructions: (pc=0x00007fff970150dd)
0x00007fff970150bd:   00 00 00 48 85 ff 2e 74 7a 40 f6 c7 01 2e 75 7e
0x00007fff970150cd:   49 bb f8 ff ff ff ff 7f 00 00 4c 23 1f 49 89 f2
0x00007fff970150dd:   45 23 53 18 49 c1 e2 04 4d 03 53 10 49 3b 32 75
0x00007fff970150ed:   04 41 ff 62 08 49 83 3a 00 74 6a 4d 3b 53 10 74 

Register to memory mapping:

RAX=0x0000000110807000: _ZZN13JfrTraceEventI20EventExecutionSampleE10writeEventEvE16large_event_size+0 in /Library/Java/JavaVirtualMachines/jdk1.8.0_40.jdk/Contents/Home/jre/lib/server/libjvm.dylib at 0x0000000110000000
RBX=0x00007f95729bc1f8 is an unknown value
RCX=0x00007f9574bd88f0 is an unknown value
RDX=0x0000000000000004 is an unknown value
RSP=0x00007fff505164c8 is pointing into the stack for thread: 0x00007f95729bc000
RBP=0x00007fff50516910 is pointing into the stack for thread: 0x00007f95729bc000
RSI=0x00000001a79cac90: __FUNCTION__.97860+0x268 in /Library/Java/JavaVirtualMachines/jdk1.8.0_40.jdk/Contents/Home/jre/lib/libglass.dylib at 0x00000001a799a000
RDI=0x00007f95724255e0 is an unknown value
R8 =0x00007f9572443960 is an unknown value
R9 =0x0000000000000000 is an unknown value
R10=0x00000001a79cac90: __FUNCTION__.97860+0x268 in /Library/Java/JavaVirtualMachines/jdk1.8.0_40.jdk/Contents/Home/jre/lib/libglass.dylib at 0x00000001a799a000
R11=0x0000000000000000 is an unknown value
R12=0x0000000000000428 is an unknown value
R13=0x0000000000000000 is an unknown value
R14=0x0000000000000001 is an unknown value
R15=0x000000011030fdaf: jni_CallStaticVoidMethod+0 in /Library/Java/JavaVirtualMachines/jdk1.8.0_40.jdk/Contents/Home/jre/lib/server/libjvm.dylib at 0x0000000110000000


Stack: [0x00007fff4fd24000,0x00007fff50524000],  sp=0x00007fff505164c8,  free space=8137k
Native frames: (J=compiled Java code, j=interpreted, Vv=VM code, C=native code)
C  [libobjc.A.dylib+0x10dd]  objc_msgSend+0x1d
C  [libglass.dylib+0x1769e]  listenTouchEvents+0x5e
C  [CoreGraphics+0x1270b2]  processEventTapData+0x26b
C  [CoreGraphics+0x126d24]  _CGYPostEventTapData+0xc1
C  [CoreGraphics+0x12edb1]  _XPostEventTapData+0x59
C  [CoreGraphics+0x12ee9a]  CGYEventTap_server+0x56
C  [CoreGraphics+0x126e0c]  eventTapMessageHandler+0x2e
C  [CoreFoundation+0x80d87]  __CFMachPortPerform+0xf7
C  [CoreFoundation+0x80c79]  __CFRUNLOOP_IS_CALLING_OUT_TO_A_SOURCE1_PERFORM_FUNCTION__+0x29
C  [CoreFoundation+0x80beb]  __CFRunLoopDoSource1+0x1db
C  [CoreFoundation+0x72767]  __CFRunLoopRun+0x947
C  [CoreFoundation+0x71bd8]  CFRunLoopRunSpecific+0x128
C  [HIToolbox+0x3256f]  RunCurrentEventLoopInMode+0xeb
C  [HIToolbox+0x322ea]  ReceiveNextEventCommon+0x1af
C  [HIToolbox+0x3212b]  _BlockUntilNextEventMatchingListInModeWithFilter+0x47
C  [AppKit+0x918ab]  _DPSNextEvent+0x3d2
C  [AppKit+0x90e58]  -[NSApplication nextEventMatchingMask:untilDate:inMode:dequeue:]+0x15a
C  [AppKit+0x86af3]  -[NSApplication run]+0x252
C  [libglass.dylib+0x4f47]  -[GlassApplication runLoop:]+0x6f7
C  [Foundation+0x92dd0]  __NSThreadPerformPerform+0x125
C  [CoreFoundation+0x80a01]  __CFRUNLOOP_IS_CALLING_OUT_TO_A_SOURCE0_PERFORM_FUNCTION__+0x11
C  [CoreFoundation+0x72b8d]  __CFRunLoopDoSources0+0x10d
C  [CoreFoundation+0x721bf]  __CFRunLoopRun+0x39f
C  [CoreFoundation+0x71bd8]  CFRunLoopRunSpecific+0x128
C  [java+0x6480]  CreateExecutionEnvironment+0x367
C  [java+0x220c]  JLI_Launch+0x7a0
C  [java+0x84dd]  main+0x65
C  [java+0x1a64]  start+0x34
C  0x0000000000000005


---------------  P R O C E S S  ---------------

Java Threads: ( => current thread )
  0x00007f9572a10800 JavaThread "Keep-Alive-Timer" daemon [_thread_blocked, id=61751, stack(0x00000001ae9c7000,0x00000001aeac7000)]
  0x00007f95733f3000 JavaThread "Prism Font Disposer" daemon [_thread_blocked, id=27935, stack(0x00000001aca6e000,0x00000001acb6e000)]
  0x00007f95740de000 JavaThread "MultiThreadedHttpConnectionManager cleanup" daemon [_thread_blocked, id=48651, stack(0x00000001ab2d2000,0x00000001ab3d2000)]
  0x00007f9573879000 JavaThread "JavaFX-Launcher" [_thread_blocked, id=48131, stack(0x00000001ab0b5000,0x00000001ab1b5000)]
  0x00007f9573878000 JavaThread "Thread-3" daemon [_thread_in_native, id=35587, stack(0x00000001a9edb000,0x00000001a9f5b000)]
=>0x00007f95729bc000 JavaThread "JavaFX Application Thread" [_thread_in_native, id=1811, stack(0x00007fff4fd24000,0x00007fff50524000)]
  0x00007f957400b000 JavaThread "Thread-1" daemon [_thread_blocked, id=24083, stack(0x00000001a79f9000,0x00000001a7af9000)]
  0x00007f9573839800 JavaThread "QuantumRenderer-0" daemon [_thread_blocked, id=18947, stack(0x00000001a6d05000,0x00000001a6e05000)]
  0x00007f9572851000 JavaThread "Service Thread" daemon [_thread_blocked, id=17923, stack(0x00000001a6a67000,0x00000001a6b67000)]
  0x00007f9573037800 JavaThread "C1 CompilerThread2" daemon [_thread_blocked, id=17411, stack(0x00000001a6964000,0x00000001a6a64000)]
  0x00007f9573025000 JavaThread "C2 CompilerThread1" daemon [_thread_blocked, id=16899, stack(0x00000001a6861000,0x00000001a6961000)]
  0x00007f9573036000 JavaThread "C2 CompilerThread0" daemon [_thread_blocked, id=16387, stack(0x00000001a675e000,0x00000001a685e000)]
  0x00007f9572850800 JavaThread "Signal Dispatcher" daemon [_thread_blocked, id=12307, stack(0x00000001a665b000,0x00000001a675b000)]
  0x00007f957301e800 JavaThread "Finalizer" daemon [_thread_blocked, id=11523, stack(0x00000001a4cc0000,0x00000001a4dc0000)]
  0x00007f957380e000 JavaThread "Reference Handler" daemon [_thread_blocked, id=11011, stack(0x00000001a4bbd000,0x00000001a4cbd000)]
  0x00007f9573006000 JavaThread "main" [_thread_blocked, id=4867, stack(0x0000000110f69000,0x0000000111069000)]

Other Threads:
  0x00007f957301c000 VMThread [stack: 0x00000001a4aba000,0x00000001a4bba000] [id=10499]
  0x00007f9574025000 WatcherThread [stack: 0x00000001a6b6a000,0x00000001a6c6a000] [id=18435]

VM state:not at safepoint (normal execution)

VM Mutex/Monitor currently owned by a thread: None

Heap:
 PSYoungGen      total 21504K, used 11808K [0x000000014b300000, 0x000000014d700000, 0x0000000160800000)
  eden space 15872K, 63% used [0x000000014b300000,0x000000014bce8320,0x000000014c280000)
  from space 5632K, 29% used [0x000000014c880000,0x000000014ca20030,0x000000014ce00000)
  to   space 6144K, 0% used [0x000000014c280000,0x000000014c280000,0x000000014c880000)
 ParOldGen       total 33280K, used 6239K [0x0000000120800000, 0x0000000122880000, 0x000000014b300000)
  object space 33280K, 18% used [0x0000000120800000,0x0000000120e17fb8,0x0000000122880000)
 Metaspace       used 23672K, capacity 24864K, committed 25088K, reserved 1071104K
  class space    used 3276K, capacity 3564K, committed 3584K, reserved 1048576K

Card table byte_map: [0x0000000160800000,0x0000000160a01000] byte_map_base: 0x000000015fefc000

Marking Bits: (ParMarkBitMap*) 0x00000001108c26c0
 Begin Bits: [0x0000000160e0d000, 0x0000000161e0d000)
 End Bits:   [0x0000000161e0d000, 0x0000000162e0d000)

Polling page: 0x00000001110a0000

CodeCache: size=245760Kb used=8905Kb max_used=8905Kb free=236854Kb
 bounds [0x00000001110b3000, 0x0000000111973000, 0x00000001200b3000]
 total_blobs=3514 nmethods=2797 adapters=630
 compilation: enabled

Compilation events (10 events):
Event: 17.740 Thread 0x00007f9573037800 3084       3       com.sun.javafx.sg.prism.NGRegion::createStroke (10 bytes)
Event: 17.740 Thread 0x00007f9573037800 nmethod 3084 0x000000011196ead0 code [0x000000011196ec40, 0x000000011196edc8]
Event: 17.740 Thread 0x00007f9573037800 3085       3       javafx.scene.layout.BorderStrokeStyle::getMiterLimit (5 bytes)
Event: 17.740 Thread 0x00007f9573037800 nmethod 3085 0x000000011196ee90 code [0x000000011196efe0, 0x000000011196f130]
Event: 17.742 Thread 0x00007f9573037800 3087       1       com.sun.prism.es2.ES2Pipeline::is3DSupported (4 bytes)
Event: 17.742 Thread 0x00007f9573037800 nmethod 3087 0x000000011196f1d0 code [0x000000011196f320, 0x000000011196f430]
Event: 17.744 Thread 0x00007f9573037800 3088       1       java.util.EventObject::getSource (5 bytes)
Event: 17.744 Thread 0x00007f9573037800 nmethod 3088 0x000000011196f490 code [0x000000011196f5e0, 0x000000011196f6f0]
Event: 17.744 Thread 0x00007f9573037800 3089       3       javafx.scene.input.KeyEvent::getEventType (5 bytes)
Event: 17.744 Thread 0x00007f9573037800 nmethod 3089 0x000000011196f750 code [0x000000011196f8c0, 0x000000011196fa90]

GC Heap History (10 events):
Event: 6.664 GC heap before
{Heap before GC invocations=3 (full 0):
 PSYoungGen      total 18944K, used 18929K [0x000000014b300000, 0x000000014c800000, 0x0000000160800000)
  eden space 16384K, 100% used [0x000000014b300000,0x000000014c300000,0x000000014c300000)
  from space 2560K, 99% used [0x000000014c580000,0x000000014c7fc490,0x000000014c800000)
  to   space 2560K, 0% used [0x000000014c300000,0x000000014c300000,0x000000014c580000)
 ParOldGen       total 44032K, used 3619K [0x0000000120800000, 0x0000000123300000, 0x000000014b300000)
  object space 44032K, 8% used [0x0000000120800000,0x0000000120b88c48,0x0000000123300000)
 Metaspace       used 14243K, capacity 14594K, committed 14848K, reserved 1062912K
  class space    used 1657K, capacity 1783K, committed 1792K, reserved 1048576K
Event: 6.668 GC heap after
Heap after GC invocations=3 (full 0):
 PSYoungGen      total 18944K, used 2545K [0x000000014b300000, 0x000000014c800000, 0x0000000160800000)
  eden space 16384K, 0% used [0x000000014b300000,0x000000014b300000,0x000000014c300000)
  from space 2560K, 99% used [0x000000014c300000,0x000000014c57c6b0,0x000000014c580000)
  to   space 2560K, 0% used [0x000000014c580000,0x000000014c580000,0x000000014c800000)
 ParOldGen       total 44032K, used 3984K [0x0000000120800000, 0x0000000123300000, 0x000000014b300000)
  object space 44032K, 9% used [0x0000000120800000,0x0000000120be42f8,0x0000000123300000)
 Metaspace       used 14243K, capacity 14594K, committed 14848K, reserved 1062912K
  class space    used 1657K, capacity 1783K, committed 1792K, reserved 1048576K
}
Event: 7.252 GC heap before
{Heap before GC invocations=4 (full 0):
 PSYoungGen      total 18944K, used 18929K [0x000000014b300000, 0x000000014c800000, 0x0000000160800000)
  eden space 16384K, 100% used [0x000000014b300000,0x000000014c300000,0x000000014c300000)
  from space 2560K, 99% used [0x000000014c300000,0x000000014c57c6b0,0x000000014c580000)
  to   space 2560K, 0% used [0x000000014c580000,0x000000014c580000,0x000000014c800000)
 ParOldGen       total 44032K, used 3984K [0x0000000120800000, 0x0000000123300000, 0x000000014b300000)
  object space 44032K, 9% used [0x0000000120800000,0x0000000120be42f8,0x0000000123300000)
 Metaspace       used 16420K, capacity 16898K, committed 17152K, reserved 1064960K
  class space    used 2053K, capacity 2181K, committed 2304K, reserved 1048576K
Event: 7.258 GC heap after
Heap after GC invocations=4 (full 0):
 PSYoungGen      total 18944K, used 2544K [0x000000014b300000, 0x000000014c800000, 0x0000000160800000)
  eden space 16384K, 0% used [0x000000014b300000,0x000000014b300000,0x000000014c300000)
  from space 2560K, 99% used [0x000000014c580000,0x000000014c7fc2f0,0x000000014c800000)
  to   space 2560K, 0% used [0x000000014c300000,0x000000014c300000,0x000000014c580000)
 ParOldGen       total 44032K, used 5145K [0x0000000120800000, 0x0000000123300000, 0x000000014b300000)
  object space 44032K, 11% used [0x0000000120800000,0x0000000120d06528,0x0000000123300000)
 Metaspace       used 16420K, capacity 16898K, committed 17152K, reserved 1064960K
  class space    used 2053K, capacity 2181K, committed 2304K, reserved 1048576K
}
Event: 8.008 GC heap before
{Heap before GC invocations=5 (full 0):
 PSYoungGen      total 18944K, used 17802K [0x000000014b300000, 0x000000014c800000, 0x0000000160800000)
  eden space 16384K, 93% used [0x000000014b300000,0x000000014c1e6670,0x000000014c300000)
  from space 2560K, 99% used [0x000000014c580000,0x000000014c7fc2f0,0x000000014c800000)
  to   space 2560K, 0% used [0x000000014c300000,0x000000014c300000,0x000000014c580000)
 ParOldGen       total 44032K, used 5145K [0x0000000120800000, 0x0000000123300000, 0x000000014b300000)
  object space 44032K, 11% used [0x0000000120800000,0x0000000120d06528,0x0000000123300000)
 Metaspace       used 20298K, capacity 21112K, committed 21248K, reserved 1067008K
  class space    used 2783K, capacity 2982K, committed 3072K, reserved 1048576K
Event: 8.015 GC heap after
Heap after GC invocations=5 (full 0):
 PSYoungGen      total 18944K, used 2544K [0x000000014b300000, 0x000000014ce00000, 0x0000000160800000)
  eden space 16384K, 0% used [0x000000014b300000,0x000000014b300000,0x000000014c300000)
  from space 2560K, 99% used [0x000000014c300000,0x000000014c57c230,0x000000014c580000)
  to   space 5632K, 0% used [0x000000014c880000,0x000000014c880000,0x000000014ce00000)
 ParOldGen       total 44032K, used 6623K [0x0000000120800000, 0x0000000123300000, 0x000000014b300000)
  object space 44032K, 15% used [0x0000000120800000,0x0000000120e77de8,0x0000000123300000)
 Metaspace       used 20298K, capacity 21112K, committed 21248K, reserved 1067008K
  class space    used 2783K, capacity 2982K, committed 3072K, reserved 1048576K
}
Event: 8.015 GC heap before
{Heap before GC invocations=6 (full 1):
 PSYoungGen      total 18944K, used 2544K [0x000000014b300000, 0x000000014ce00000, 0x0000000160800000)
  eden space 16384K, 0% used [0x000000014b300000,0x000000014b300000,0x000000014c300000)
  from space 2560K, 99% used [0x000000014c300000,0x000000014c57c230,0x000000014c580000)
  to   space 5632K, 0% used [0x000000014c880000,0x000000014c880000,0x000000014ce00000)
 ParOldGen       total 44032K, used 6623K [0x0000000120800000, 0x0000000123300000, 0x000000014b300000)
  object space 44032K, 15% used [0x0000000120800000,0x0000000120e77de8,0x0000000123300000)
 Metaspace       used 20298K, capacity 21112K, committed 21248K, reserved 1067008K
  class space    used 2783K, capacity 2982K, committed 3072K, reserved 1048576K
Event: 8.059 GC heap after
Heap after GC invocations=6 (full 1):
 PSYoungGen      total 18944K, used 0K [0x000000014b300000, 0x000000014ce00000, 0x0000000160800000)
  eden space 16384K, 0% used [0x000000014b300000,0x000000014b300000,0x000000014c300000)
  from space 2560K, 0% used [0x000000014c300000,0x000000014c300000,0x000000014c580000)
  to   space 5632K, 0% used [0x000000014c880000,0x000000014c880000,0x000000014ce00000)
 ParOldGen       total 33280K, used 6231K [0x0000000120800000, 0x0000000122880000, 0x000000014b300000)
  object space 33280K, 18% used [0x0000000120800000,0x0000000120e15fb8,0x0000000122880000)
 Metaspace       used 20298K, capacity 21112K, committed 21248K, reserved 1067008K
  class space    used 2783K, capacity 2982K, committed 3072K, reserved 1048576K
}
Event: 12.556 GC heap before
{Heap before GC invocations=7 (full 1):
 PSYoungGen      total 18944K, used 16384K [0x000000014b300000, 0x000000014ce00000, 0x0000000160800000)
  eden space 16384K, 100% used [0x000000014b300000,0x000000014c300000,0x000000014c300000)
  from space 2560K, 0% used [0x000000014c300000,0x000000014c300000,0x000000014c580000)
  to   space 5632K, 0% used [0x000000014c880000,0x000000014c880000,0x000000014ce00000)
 ParOldGen       total 33280K, used 6231K [0x0000000120800000, 0x0000000122880000, 0x000000014b300000)
  object space 33280K, 18% used [0x0000000120800000,0x0000000120e15fb8,0x0000000122880000)
 Metaspace       used 22608K, capacity 23772K, committed 23936K, reserved 1069056K
  class space    used 3167K, capacity 3390K, committed 3456K, reserved 1048576K
Event: 12.560 GC heap after
Heap after GC invocations=7 (full 1):
 PSYoungGen      total 21504K, used 1664K [0x000000014b300000, 0x000000014d700000, 0x0000000160800000)
  eden space 15872K, 0% used [0x000000014b300000,0x000000014b300000,0x000000014c280000)
  from space 5632K, 29% used [0x000000014c880000,0x000000014ca20030,0x000000014ce00000)
  to   space 6144K, 0% used [0x000000014c280000,0x000000014c280000,0x000000014c880000)
 ParOldGen       total 33280K, used 6239K [0x0000000120800000, 0x0000000122880000, 0x000000014b300000)
  object space 33280K, 18% used [0x0000000120800000,0x0000000120e17fb8,0x0000000122880000)
 Metaspace       used 22608K, capacity 23772K, committed 23936K, reserved 1069056K
  class space    used 3167K, capacity 3390K, committed 3456K, reserved 1048576K
}

Deoptimization events (10 events):
Event: 8.226 Thread 0x00007f95729bc000 Uncommon trap: reason=unstable_if action=reinterpret pc=0x00000001116eb008 method=com.sun.javafx.css.BitSet.add(Ljava/lang/Object;)Z @ 91
Event: 8.231 Thread 0x00007f95729bc000 Uncommon trap: reason=array_check action=maybe_recompile pc=0x00000001117551b8 method=com.sun.javafx.css.SimpleSelector.applies(Ljavafx/css/Styleable;[Ljava/util/Set;I)Z @ 37
Event: 8.231 Thread 0x00007f95729bc000 Uncommon trap: reason=array_check action=maybe_recompile pc=0x00000001117551b8 method=com.sun.javafx.css.SimpleSelector.applies(Ljavafx/css/Styleable;[Ljava/util/Set;I)Z @ 37
Event: 8.231 Thread 0x00007f95729bc000 Uncommon trap: reason=array_check action=maybe_recompile pc=0x00000001117551b8 method=com.sun.javafx.css.SimpleSelector.applies(Ljavafx/css/Styleable;[Ljava/util/Set;I)Z @ 37
Event: 8.231 Thread 0x00007f95729bc000 Uncommon trap: reason=array_check action=maybe_recompile pc=0x00000001117551b8 method=com.sun.javafx.css.SimpleSelector.applies(Ljavafx/css/Styleable;[Ljava/util/Set;I)Z @ 37
Event: 10.228 Thread 0x00007f95729bc000 Uncommon trap: reason=unstable_if action=reinterpret pc=0x00000001116b9dfc method=jdk.internal.org.objectweb.asm.Type.getArgumentsAndReturnSizes(Ljava/lang/String;)I @ 47
Event: 12.590 Thread 0x00007f95729bc000 Uncommon trap: reason=array_check action=maybe_recompile pc=0x00000001117f9ecc method=com.sun.javafx.css.SimpleSelector.applies(Ljavafx/css/Styleable;[Ljava/util/Set;I)Z @ 37
Event: 12.688 Thread 0x00007f95733db000 Uncommon trap: reason=unstable_if action=reinterpret pc=0x00000001115d5dcc method=java.lang.Integer.getChars(II[C)V @ 7
Event: 12.843 Thread 0x00007f95733db000 Uncommon trap: reason=unstable_if action=reinterpret pc=0x000000011132b598 method=java.lang.String.indexOf([CII[CIII)I @ 27
Event: 12.843 Thread 0x00007f95740d5000 Uncommon trap: reason=unstable_if action=reinterpret pc=0x000000011132b598 method=java.lang.String.indexOf([CII[CIII)I @ 27

Internal exceptions (10 events):
Event: 1.161 Thread 0x00007f95729bc000 Exception <a 'java/io/FileNotFoundException'> (0x000000014c0fbf28) thrown at [/Users/java_re/workspace/8-2-build-macosx-x86_64/jdk8u40/2522.nc/hotspot/src/share/vm/prims/jni.cpp, line 709]
Event: 5.079 Thread 0x00007f95729bc000 Implicit null exception at 0x000000011142d3f5 to 0x000000011142d641
Event: 6.209 Thread 0x00007f95729bc000 Exception <a 'java/net/SocketTimeoutException': Read timed out> (0x000000014b454c90) thrown at [/Users/java_re/workspace/8-2-build-macosx-x86_64/jdk8u40/2522.nc/hotspot/src/share/vm/prims/jni.cpp, line 735]
Event: 6.604 Thread 0x00007f95729bc000 Implicit null exception at 0x0000000111556dec to 0x0000000111556f81
Event: 6.659 Thread 0x00007f95729bc000 Exception <a 'java/lang/NullPointerException'> (0x000000014c2e85c8) thrown at [/Users/java_re/workspace/8-2-build-macosx-x86_64/jdk8u40/2522.nc/hotspot/src/share/vm/interpreter/linkResolver.cpp, line 1178]
Event: 6.659 Thread 0x00007f95729bc000 Exception <a 'java/lang/NullPointerException'> (0x000000014c2e85c8) thrown at [/Users/java_re/workspace/8-2-build-macosx-x86_64/jdk8u40/2522.nc/hotspot/src/share/vm/prims/jvm.cpp, line 1386]
Event: 6.905 Thread 0x00007f95729bc000 Exception <a 'java/net/SocketTimeoutException': Read timed out> (0x000000014b92bb90) thrown at [/Users/java_re/workspace/8-2-build-macosx-x86_64/jdk8u40/2522.nc/hotspot/src/share/vm/prims/jni.cpp, line 735]
Event: 7.274 Thread 0x00007f95729bc000 Implicit null exception at 0x000000011138ad75 to 0x000000011138b0e1
Event: 7.274 Thread 0x00007f95729bc000 Implicit null exception at 0x00000001112e7d35 to 0x00000001112e8095
Event: 11.989 Thread 0x00007f95729bc000 Exception <a 'java/net/SocketTimeoutException': Read timed out> (0x000000014bb3c1b8) thrown at [/Users/java_re/workspace/8-2-build-macosx-x86_64/jdk8u40/2522.nc/hotspot/src/share/vm/prims/jni.cpp, line 735]

Events (10 events):
Event: 17.757 loading class com/sun/javafx/tk/quantum/ViewScene
Event: 17.757 loading class com/sun/javafx/tk/quantum/ViewScene done
Event: 17.758 loading class com/sun/javafx/tk/quantum/WindowStage
Event: 17.758 loading class com/sun/javafx/tk/quantum/WindowStage done
Event: 17.772 loading class java/util/concurrent/CopyOnWriteArrayList$COWIterator
Event: 17.773 loading class java/util/concurrent/CopyOnWriteArrayList$COWIterator done
Event: 17.773 loading class javafx/application/Application
Event: 17.773 loading class javafx/application/Application done
Event: 17.773 loading class javafx/application/Application
Event: 17.773 loading class javafx/application/Application done


Dynamic libraries:
0x000000000757d000 	/System/Library/Frameworks/Cocoa.framework/Versions/A/Cocoa
0x000000000757d000 	/System/Library/Frameworks/Security.framework/Versions/A/Security
0x000000000757d000 	/System/Library/Frameworks/ApplicationServices.framework/Versions/A/ApplicationServices
0x000000000757d000 	/usr/lib/libz.1.dylib
0x000000000757d000 	/usr/lib/libSystem.B.dylib
0x000000000757d000 	/usr/lib/libobjc.A.dylib
0x000000000757d000 	/System/Library/Frameworks/CoreFoundation.framework/Versions/A/CoreFoundation
0x000000000757d000 	/System/Library/Frameworks/Foundation.framework/Versions/C/Foundation
0x000000000757d000 	/System/Library/Frameworks/AppKit.framework/Versions/C/AppKit
0x000000000757d000 	/System/Library/Frameworks/CoreData.framework/Versions/A/CoreData
0x000000000757d000 	/System/Library/PrivateFrameworks/RemoteViewServices.framework/Versions/A/RemoteViewServices
0x000000000757d000 	/System/Library/PrivateFrameworks/UIFoundation.framework/Versions/A/UIFoundation
0x000000000757d000 	/System/Library/Frameworks/IOSurface.framework/Versions/A/IOSurface
0x000000000757d000 	/System/Library/Frameworks/AudioToolbox.framework/Versions/A/AudioToolbox
0x000000000757d000 	/System/Library/Frameworks/AudioUnit.framework/Versions/A/AudioUnit
0x000000000757d000 	/System/Library/PrivateFrameworks/DataDetectorsCore.framework/Versions/A/DataDetectorsCore
0x000000000757d000 	/System/Library/PrivateFrameworks/DesktopServicesPriv.framework/Versions/A/DesktopServicesPriv
0x000000000757d000 	/System/Library/Frameworks/Carbon.framework/Versions/A/Frameworks/HIToolbox.framework/Versions/A/HIToolbox
0x000000000757d000 	/System/Library/Frameworks/QuartzCore.framework/Versions/A/QuartzCore
0x000000000757d000 	/System/Library/Frameworks/Carbon.framework/Versions/A/Frameworks/SpeechRecognition.framework/Versions/A/SpeechRecognition
0x000000000757d000 	/usr/lib/libauto.dylib
0x000000000757d000 	/usr/lib/libicucore.A.dylib
0x000000000757d000 	/usr/lib/libxml2.2.dylib
0x000000000757d000 	/System/Library/PrivateFrameworks/CoreUI.framework/Versions/A/CoreUI
0x000000000757d000 	/System/Library/Frameworks/CoreAudio.framework/Versions/A/CoreAudio
0x000000000757d000 	/System/Library/Frameworks/DiskArbitration.framework/Versions/A/DiskArbitration
0x000000000757d000 	/usr/lib/liblangid.dylib
0x000000000757d000 	/System/Library/PrivateFrameworks/MultitouchSupport.framework/Versions/A/MultitouchSupport
0x000000000757d000 	/System/Library/Frameworks/IOKit.framework/Versions/A/IOKit
0x000000000757d000 	/usr/lib/libDiagnosticMessagesClient.dylib
0x000000000757d000 	/System/Library/Frameworks/CoreServices.framework/Versions/A/CoreServices
0x000000000757d000 	/System/Library/PrivateFrameworks/PerformanceAnalysis.framework/Versions/A/PerformanceAnalysis
0x000000000757d000 	/System/Library/PrivateFrameworks/GenerationalStorage.framework/Versions/A/GenerationalStorage
0x000000000757d000 	/System/Library/Frameworks/OpenGL.framework/Versions/A/OpenGL
0x000000000757d000 	/System/Library/PrivateFrameworks/Sharing.framework/Versions/A/Sharing
0x000000000757d000 	/System/Library/Frameworks/CoreGraphics.framework/Versions/A/CoreGraphics
0x000000000757d000 	/System/Library/Frameworks/CoreText.framework/Versions/A/CoreText
0x000000000757d000 	/System/Library/Frameworks/ImageIO.framework/Versions/A/ImageIO
0x000000000757d000 	/usr/lib/libextension.dylib
0x000000000757d000 	/System/Library/PrivateFrameworks/Backup.framework/Versions/A/Backup
0x000000000757d000 	/usr/lib/libarchive.2.dylib
0x000000000757d000 	/System/Library/Frameworks/CFNetwork.framework/Versions/A/CFNetwork
0x000000000757d000 	/System/Library/Frameworks/SystemConfiguration.framework/Versions/A/SystemConfiguration
0x000000000757d000 	/usr/lib/libCRFSuite.dylib
0x000000000757d000 	/usr/lib/libc++.1.dylib
0x000000000757d000 	/usr/lib/libc++abi.dylib
0x000000000757d000 	/usr/lib/system/libcache.dylib
0x000000000757d000 	/usr/lib/system/libcommonCrypto.dylib
0x000000000757d000 	/usr/lib/system/libcompiler_rt.dylib
0x000000000757d000 	/usr/lib/system/libcopyfile.dylib
0x000000000757d000 	/usr/lib/system/libcorecrypto.dylib
0x000000000757d000 	/usr/lib/system/libdispatch.dylib
0x000000000757d000 	/usr/lib/system/libdyld.dylib
0x000000000757d000 	/usr/lib/system/libkeymgr.dylib
0x000000000757d000 	/usr/lib/system/liblaunch.dylib
0x000000000757d000 	/usr/lib/system/libmacho.dylib
0x000000000757d000 	/usr/lib/system/libquarantine.dylib
0x000000000757d000 	/usr/lib/system/libremovefile.dylib
0x000000000757d000 	/usr/lib/system/libsystem_asl.dylib
0x000000000757d000 	/usr/lib/system/libsystem_blocks.dylib
0x000000000757d000 	/usr/lib/system/libsystem_c.dylib
0x000000000757d000 	/usr/lib/system/libsystem_configuration.dylib
0x000000000757d000 	/usr/lib/system/libsystem_coreservices.dylib
0x000000000757d000 	/usr/lib/system/libsystem_coretls.dylib
0x000000000757d000 	/usr/lib/system/libsystem_dnssd.dylib
0x000000000757d000 	/usr/lib/system/libsystem_info.dylib
0x000000000757d000 	/usr/lib/system/libsystem_kernel.dylib
0x000000000757d000 	/usr/lib/system/libsystem_m.dylib
0x000000000757d000 	/usr/lib/system/libsystem_malloc.dylib
0x000000000757d000 	/usr/lib/system/libsystem_network.dylib
0x000000000757d000 	/usr/lib/system/libsystem_networkextension.dylib
0x000000000757d000 	/usr/lib/system/libsystem_notify.dylib
0x000000000757d000 	/usr/lib/system/libsystem_platform.dylib
0x000000000757d000 	/usr/lib/system/libsystem_pthread.dylib
0x000000000757d000 	/usr/lib/system/libsystem_sandbox.dylib
0x000000000757d000 	/usr/lib/system/libsystem_secinit.dylib
0x000000000757d000 	/usr/lib/system/libsystem_stats.dylib
0x000000000757d000 	/usr/lib/system/libsystem_trace.dylib
0x000000000757d000 	/usr/lib/system/libunc.dylib
0x000000000757d000 	/usr/lib/system/libunwind.dylib
0x000000000757d000 	/usr/lib/system/libxpc.dylib
0x000000000757d000 	/usr/lib/libbz2.1.0.dylib
0x000000000757d000 	/usr/lib/liblzma.5.dylib
0x000000000757d000 	/usr/lib/libbsm.0.dylib
0x000000000757d000 	/usr/lib/libsqlite3.dylib
0x000000000757d000 	/usr/lib/system/libkxld.dylib
0x000000000757d000 	/usr/lib/libxar.1.dylib
0x000000000757d000 	/usr/lib/libpam.2.dylib
0x000000000757d000 	/usr/lib/libOpenScriptingUtil.dylib
0x000000000757d000 	/System/Library/Frameworks/CoreServices.framework/Versions/A/Frameworks/FSEvents.framework/Versions/A/FSEvents
0x000000000757d000 	/System/Library/Frameworks/CoreServices.framework/Versions/A/Frameworks/CarbonCore.framework/Versions/A/CarbonCore
0x000000000757d000 	/System/Library/Frameworks/CoreServices.framework/Versions/A/Frameworks/Metadata.framework/Versions/A/Metadata
0x000000000757d000 	/System/Library/Frameworks/CoreServices.framework/Versions/A/Frameworks/OSServices.framework/Versions/A/OSServices
0x000000000757d000 	/System/Library/Frameworks/CoreServices.framework/Versions/A/Frameworks/SearchKit.framework/Versions/A/SearchKit
0x000000000757d000 	/System/Library/Frameworks/CoreServices.framework/Versions/A/Frameworks/AE.framework/Versions/A/AE
0x000000000757d000 	/System/Library/Frameworks/CoreServices.framework/Versions/A/Frameworks/LaunchServices.framework/Versions/A/LaunchServices
0x000000000757d000 	/System/Library/Frameworks/CoreServices.framework/Versions/A/Frameworks/DictionaryServices.framework/Versions/A/DictionaryServices
0x000000000757d000 	/System/Library/Frameworks/NetFS.framework/Versions/A/NetFS
0x000000000757d000 	/System/Library/PrivateFrameworks/NetAuth.framework/Versions/A/NetAuth
0x000000000757d000 	/System/Library/PrivateFrameworks/login.framework/Versions/A/Frameworks/loginsupport.framework/Versions/A/loginsupport
0x000000000757d000 	/System/Library/PrivateFrameworks/TCC.framework/Versions/A/TCC
0x000000000757d000 	/usr/lib/libmecabra.dylib
0x000000000757d000 	/System/Library/Frameworks/ApplicationServices.framework/Versions/A/Frameworks/ATS.framework/Versions/A/ATS
0x000000000757d000 	/System/Library/Frameworks/ApplicationServices.framework/Versions/A/Frameworks/ColorSync.framework/Versions/A/ColorSync
0x000000000757d000 	/System/Library/Frameworks/ApplicationServices.framework/Versions/A/Frameworks/HIServices.framework/Versions/A/HIServices
0x000000000757d000 	/System/Library/Frameworks/ApplicationServices.framework/Versions/A/Frameworks/LangAnalysis.framework/Versions/A/LangAnalysis
0x000000000757d000 	/System/Library/Frameworks/ApplicationServices.framework/Versions/A/Frameworks/PrintCore.framework/Versions/A/PrintCore
0x000000000757d000 	/System/Library/Frameworks/ApplicationServices.framework/Versions/A/Frameworks/QD.framework/Versions/A/QD
0x000000000757d000 	/System/Library/Frameworks/ApplicationServices.framework/Versions/A/Frameworks/SpeechSynthesis.framework/Versions/A/SpeechSynthesis
0x000000000757d000 	/System/Library/Frameworks/Accelerate.framework/Versions/A/Accelerate
0x000000000757d000 	/System/Library/Frameworks/Accelerate.framework/Versions/A/Frameworks/vImage.framework/Versions/A/vImage
0x000000000757d000 	/System/Library/Frameworks/Accelerate.framework/Versions/A/Frameworks/vecLib.framework/Versions/A/vecLib
0x000000000757d000 	/System/Library/Frameworks/Accelerate.framework/Versions/A/Frameworks/vecLib.framework/Versions/A/libvDSP.dylib
0x000000000757d000 	/System/Library/Frameworks/Accelerate.framework/Versions/A/Frameworks/vecLib.framework/Versions/A/libvMisc.dylib
0x000000000757d000 	/System/Library/Frameworks/Accelerate.framework/Versions/A/Frameworks/vecLib.framework/Versions/A/libLAPACK.dylib
0x000000000757d000 	/System/Library/Frameworks/Accelerate.framework/Versions/A/Frameworks/vecLib.framework/Versions/A/libBLAS.dylib
0x000000000757d000 	/System/Library/Frameworks/Accelerate.framework/Versions/A/Frameworks/vecLib.framework/Versions/A/libLinearAlgebra.dylib
0x000000000757d000 	/System/Library/Frameworks/ApplicationServices.framework/Versions/A/Frameworks/ATS.framework/Versions/A/Resources/libFontParser.dylib
0x000000000757d000 	/System/Library/Frameworks/ApplicationServices.framework/Versions/A/Frameworks/ATS.framework/Versions/A/Resources/libFontRegistry.dylib
0x000000000757d000 	/System/Library/PrivateFrameworks/AppleVPA.framework/Versions/A/AppleVPA
0x000000000757d000 	/System/Library/PrivateFrameworks/AppleJPEG.framework/Versions/A/AppleJPEG
0x000000000757d000 	/System/Library/Frameworks/ImageIO.framework/Versions/A/Resources/libJPEG.dylib
0x000000000757d000 	/System/Library/Frameworks/ImageIO.framework/Versions/A/Resources/libTIFF.dylib
0x000000000757d000 	/System/Library/Frameworks/ImageIO.framework/Versions/A/Resources/libPng.dylib
0x000000000757d000 	/System/Library/Frameworks/ImageIO.framework/Versions/A/Resources/libGIF.dylib
0x000000000757d000 	/System/Library/Frameworks/ImageIO.framework/Versions/A/Resources/libJP2.dylib
0x000000000757d000 	/System/Library/Frameworks/ImageIO.framework/Versions/A/Resources/libRadiance.dylib
0x000000000757d000 	/System/Library/Frameworks/CoreVideo.framework/Versions/A/CoreVideo
0x000000000757d000 	/System/Library/Frameworks/OpenGL.framework/Versions/A/Libraries/libGLU.dylib
0x000000000757d000 	/System/Library/Frameworks/OpenGL.framework/Versions/A/Libraries/libGFXShared.dylib
0x000000000757d000 	/System/Library/Frameworks/OpenGL.framework/Versions/A/Libraries/libGL.dylib
0x000000000757d000 	/System/Library/Frameworks/OpenGL.framework/Versions/A/Libraries/libGLImage.dylib
0x000000000757d000 	/System/Library/Frameworks/OpenGL.framework/Versions/A/Libraries/libCVMSPluginSupport.dylib
0x000000000757d000 	/System/Library/Frameworks/OpenGL.framework/Versions/A/Libraries/libCoreVMClient.dylib
0x000000000757d000 	/usr/lib/libcups.2.dylib
0x000000000757d000 	/System/Library/Frameworks/Kerberos.framework/Versions/A/Kerberos
0x000000000757d000 	/System/Library/Frameworks/GSS.framework/Versions/A/GSS
0x000000000757d000 	/usr/lib/libresolv.9.dylib
0x000000000757d000 	/usr/lib/libiconv.2.dylib
0x000000000757d000 	/System/Library/PrivateFrameworks/Heimdal.framework/Versions/A/Heimdal
0x000000000757d000 	/usr/lib/libheimdal-asn1.dylib
0x000000000757d000 	/System/Library/Frameworks/OpenDirectory.framework/Versions/A/OpenDirectory
0x000000000757d000 	/System/Library/PrivateFrameworks/CommonAuth.framework/Versions/A/CommonAuth
0x000000000757d000 	/System/Library/Frameworks/OpenDirectory.framework/Versions/A/Frameworks/CFOpenDirectory.framework/Versions/A/CFOpenDirectory
0x000000000757d000 	/System/Library/Frameworks/SecurityFoundation.framework/Versions/A/SecurityFoundation
0x000000000757d000 	/System/Library/PrivateFrameworks/LanguageModeling.framework/Versions/A/LanguageModeling
0x000000000757d000 	/usr/lib/libcmph.dylib
0x000000000757d000 	/System/Library/Frameworks/ServiceManagement.framework/Versions/A/ServiceManagement
0x000000000757d000 	/usr/lib/libxslt.1.dylib
0x000000000757d000 	/System/Library/Frameworks/Carbon.framework/Versions/A/Frameworks/Ink.framework/Versions/A/Ink
0x000000000757d000 	/System/Library/Frameworks/QuartzCore.framework/Versions/A/Frameworks/CoreImage.framework/Versions/A/CoreImage
0x000000000757d000 	/System/Library/PrivateFrameworks/CrashReporterSupport.framework/Versions/A/CrashReporterSupport
0x000000000757d000 	/System/Library/Frameworks/OpenCL.framework/Versions/A/OpenCL
0x000000000757d000 	/System/Library/PrivateFrameworks/FaceCore.framework/Versions/A/FaceCore
0x000000000757d000 	/System/Library/PrivateFrameworks/Ubiquity.framework/Versions/A/Ubiquity
0x000000000757d000 	/System/Library/PrivateFrameworks/IconServices.framework/Versions/A/IconServices
0x000000000757d000 	/System/Library/PrivateFrameworks/ChunkingLibrary.framework/Versions/A/ChunkingLibrary
0x000000000757d000 	/System/Library/PrivateFrameworks/Apple80211.framework/Versions/A/Apple80211
0x000000000757d000 	/System/Library/Frameworks/CoreWLAN.framework/Versions/A/CoreWLAN
0x000000000757d000 	/System/Library/Frameworks/IOBluetooth.framework/Versions/A/IOBluetooth
0x000000000757d000 	/System/Library/PrivateFrameworks/CoreWiFi.framework/Versions/A/CoreWiFi
0x000000000757d000 	/System/Library/Frameworks/CoreBluetooth.framework/Versions/A/CoreBluetooth
0x000000000757d000 	/System/Library/PrivateFrameworks/DebugSymbols.framework/Versions/A/DebugSymbols
0x000000000757d000 	/System/Library/PrivateFrameworks/CoreSymbolication.framework/Versions/A/CoreSymbolication
0x000000000757d000 	/System/Library/PrivateFrameworks/Symbolication.framework/Versions/A/Symbolication
0x000000000757d000 	/System/Library/PrivateFrameworks/SpeechRecognitionCore.framework/Versions/A/SpeechRecognitionCore
0x0000000110000000 	/Library/Java/JavaVirtualMachines/jdk1.8.0_40.jdk/Contents/Home/jre/lib/server/libjvm.dylib
0x000000000757d000 	/usr/lib/libstdc++.6.dylib
0x000000010f7f2000 	/Library/Java/JavaVirtualMachines/jdk1.8.0_40.jdk/Contents/Home/jre/lib/libverify.dylib
0x000000011106b000 	/Library/Java/JavaVirtualMachines/jdk1.8.0_40.jdk/Contents/Home/jre/lib/libjava.dylib
0x00000001110aa000 	/Library/Java/JavaVirtualMachines/jdk1.8.0_40.jdk/Contents/Home/jre/lib/libzip.dylib
0x00000001a4dc2000 	/System/Library/Frameworks/JavaVM.framework/Frameworks/JavaRuntimeSupport.framework/JavaRuntimeSupport
0x00000001a4dd8000 	/System/Library/Frameworks/JavaVM.framework/Versions/A/Frameworks/JavaNativeFoundation.framework/Versions/A/JavaNativeFoundation
0x00000001a4dec000 	/System/Library/Frameworks/JavaVM.framework/Versions/A/JavaVM
0x000000000757d000 	/System/Library/Frameworks/Carbon.framework/Versions/A/Carbon
0x00000001a4df8000 	/System/Library/PrivateFrameworks/JavaLaunching.framework/Versions/A/JavaLaunching
0x000000000757d000 	/System/Library/Frameworks/Carbon.framework/Versions/A/Frameworks/CommonPanels.framework/Versions/A/CommonPanels
0x000000000757d000 	/System/Library/Frameworks/Carbon.framework/Versions/A/Frameworks/Help.framework/Versions/A/Help
0x000000000757d000 	/System/Library/Frameworks/Carbon.framework/Versions/A/Frameworks/ImageCapture.framework/Versions/A/ImageCapture
0x000000000757d000 	/System/Library/Frameworks/Carbon.framework/Versions/A/Frameworks/OpenScripting.framework/Versions/A/OpenScripting
0x000000000757d000 	/System/Library/Frameworks/Carbon.framework/Versions/A/Frameworks/Print.framework/Versions/A/Print
0x000000000757d000 	/System/Library/Frameworks/Carbon.framework/Versions/A/Frameworks/SecurityHI.framework/Versions/A/SecurityHI
0x00000001a6e07000 	/Library/Java/JavaVirtualMachines/jdk1.8.0_40.jdk/Contents/Home/jre/lib/libprism_es2.dylib
0x000000000757d000 	/System/Library/Frameworks/OpenGL.framework/Versions/A/Resources/GLEngine.bundle/GLEngine
0x000000000757d000 	/System/Library/Frameworks/OpenGL.framework/Versions/A/Libraries/libGLProgrammability.dylib
0x00000001a6e89000 	/System/Library/Extensions/AppleIntelHD4000GraphicsGLDriver.bundle/Contents/MacOS/AppleIntelHD4000GraphicsGLDriver
0x000000000757d000 	/System/Library/PrivateFrameworks/IOAccelerator.framework/Versions/A/IOAccelerator
0x000000000757d000 	/System/Library/PrivateFrameworks/GPUSupport.framework/Versions/A/Libraries/libGPUSupportMercury.dylib
0x000000000757d000 	/System/Library/Frameworks/OpenGL.framework/Versions/A/Resources/GLRendererFloat.bundle/GLRendererFloat
0x000000000757d000 	/System/Library/Frameworks/OpenCL.framework/Versions/A/Libraries/libcldcpuengine.dylib
0x000000000757d000 	/System/Library/PrivateFrameworks/DiskImages.framework/Versions/A/DiskImages
0x000000000757d000 	/System/Library/Frameworks/DiscRecording.framework/Versions/A/DiscRecording
0x000000000757d000 	/usr/lib/libcsfde.dylib
0x000000000757d000 	/usr/lib/libcurl.4.dylib
0x000000000757d000 	/System/Library/PrivateFrameworks/MediaKit.framework/Versions/A/MediaKit
0x000000000757d000 	/System/Library/PrivateFrameworks/ProtectedCloudStorage.framework/Versions/A/ProtectedCloudStorage
0x000000000757d000 	/usr/lib/libCoreStorage.dylib
0x000000000757d000 	/System/Library/PrivateFrameworks/EFILogin.framework/Versions/A/EFILogin
0x000000000757d000 	/usr/lib/libutil.dylib
0x000000000757d000 	/System/Library/PrivateFrameworks/FindMyDevice.framework/Versions/A/FindMyDevice
0x000000000757d000 	/System/Library/Frameworks/LDAP.framework/Versions/A/LDAP
0x000000000757d000 	/usr/lib/libsasl2.2.dylib
0x000000000757d000 	/System/Library/PrivateFrameworks/CoreDaemon.framework/Versions/B/CoreDaemon
0x000000000757d000 	/usr/lib/libcrypto.0.9.8.dylib
0x000000000757d000 	/System/Library/PrivateFrameworks/AppleSRP.framework/Versions/A/AppleSRP
0x000000000757d000 	/System/Library/PrivateFrameworks/TrustEvaluationAgent.framework/Versions/A/TrustEvaluationAgent
0x00000001a799a000 	/Library/Java/JavaVirtualMachines/jdk1.8.0_40.jdk/Contents/Home/jre/lib/libglass.dylib
0x000000000757d000 	/System/Library/PrivateFrameworks/CoreServicesInternal.framework/Versions/A/CoreServicesInternal
0x000000000757d000 	/System/Library/PrivateFrameworks/CloudDocs.framework/Versions/A/CloudDocs
0x000000000757d000 	/System/Library/PrivateFrameworks/CoreDuet.framework/Versions/A/CoreDuet
0x000000000757d000 	/System/Library/Frameworks/CloudKit.framework/Versions/A/CloudKit
0x000000000757d000 	/System/Library/PrivateFrameworks/ProtocolBuffer.framework/Versions/A/ProtocolBuffer
0x000000000757d000 	/System/Library/PrivateFrameworks/CoreDuetDaemonProtocol.framework/Versions/A/CoreDuetDaemonProtocol
0x000000000757d000 	/System/Library/PrivateFrameworks/CoreDuetDebugLogging.framework/Versions/A/CoreDuetDebugLogging
0x000000000757d000 	/System/Library/PrivateFrameworks/MMCS.framework/Versions/A/MMCS
0x000000000757d000 	/System/Library/Frameworks/CoreLocation.framework/Versions/A/CoreLocation
0x000000000757d000 	/System/Library/PrivateFrameworks/GeoServices.framework/Versions/A/GeoServices
0x000000000757d000 	/System/Library/Frameworks/CoreGraphics.framework/Versions/A/Resources/libCGCMS.A.dylib
0x000000000757d000 	/System/Library/CoreServices/RawCamera.bundle/Contents/MacOS/RawCamera
0x000000000757d000 	/System/Library/Frameworks/CoreGraphics.framework/Versions/A/Resources/libRIP.A.dylib
0x000000000757d000 	/System/Library/PrivateFrameworks/FamilyControls.framework/Versions/A/FamilyControls
0x000000000757d000 	/System/Library/PrivateFrameworks/CommerceKit.framework/Versions/A/Frameworks/CommerceCore.framework/Versions/A/CommerceCore
0x000000000757d000 	/System/Library/PrivateFrameworks/SystemAdministration.framework/Versions/A/SystemAdministration
0x000000000757d000 	/System/Library/PrivateFrameworks/AppContainer.framework/Versions/A/AppContainer
0x000000000757d000 	/System/Library/PrivateFrameworks/SecCodeWrapper.framework/Versions/A/SecCodeWrapper
0x000000000757d000 	/System/Library/Frameworks/DirectoryService.framework/Versions/A/DirectoryService
0x000000000757d000 	/System/Library/PrivateFrameworks/LoginUIKit.framework/Versions/A/Frameworks/LoginUICore.framework/Versions/A/LoginUICore
0x000000000757d000 	/usr/lib/libodfde.dylib
0x00000001ab3d4000 	/Library/Java/JavaVirtualMachines/jdk1.8.0_40.jdk/Contents/Home/jre/lib/libnet.dylib
0x00000001ab433000 	/Library/Java/JavaVirtualMachines/jdk1.8.0_40.jdk/Contents/Home/jre/lib/libawt.dylib
0x00000001ab4db000 	/Library/Java/JavaVirtualMachines/jdk1.8.0_40.jdk/Contents/Home/jre/lib/./libmlib_image.dylib
0x00000001ab5a7000 	/Library/Java/JavaVirtualMachines/jdk1.8.0_40.jdk/Contents/Home/jre/lib/libawt_lwawt.dylib
0x00000001ab65b000 	/Library/Java/JavaVirtualMachines/jdk1.8.0_40.jdk/Contents/Home/jre/lib/./libosxapp.dylib
0x000000000757d000 	/System/Library/Frameworks/ExceptionHandling.framework/Versions/A/ExceptionHandling
0x00000001ab677000 	/Library/Java/JavaVirtualMachines/jdk1.8.0_40.jdk/Contents/Home/jre/lib/libfontmanager.dylib
0x00000001ab90e000 	/Library/Java/JavaVirtualMachines/jdk1.8.0_40.jdk/Contents/Home/jre/lib/libsunec.dylib
0x00000001a4e86000 	/Library/Java/JavaVirtualMachines/jdk1.8.0_40.jdk/Contents/Home/jre/lib/libjavafx_font.dylib
0x000000000757d000 	/System/Library/Frameworks/CoreGraphics.framework/Versions/A/Resources/libCGXType.A.dylib
0x00000001a4efb000 	/Library/Java/JavaVirtualMachines/jdk1.8.0_40.jdk/Contents/Home/jre/lib/libprism_common.dylib
0x00000001a93b6000 	cl_kernels
0x00000001af2a9000 	/System/Library/Frameworks/OpenCL.framework/Versions/A/Libraries/ImageFormats/unorm8_bgra.dylib
0x00000001a937f000 	cl_kernels
0x00000001abd3e000 	/Library/Java/JavaVirtualMachines/jdk1.8.0_40.jdk/Contents/Home/jre/lib/libjavafx_iio.dylib

VM Arguments:
jvm_args: -Dfile.encoding=UTF-8 
java_command: main.Main
java_class_path (initial): /Users/patrickwickham/Documents/workspace/spotless/target/classes:/Users/patrickwickham/.m2/repository/se/michaelthelin/spotify/spotify-web-api-java/1.5.0/spotify-web-api-java-1.5.0.jar:/Users/patrickwickham/.m2/repository/com/google/protobuf/protobuf-java/2.5.0/protobuf-java-2.5.0.jar:/Users/patrickwickham/.m2/repository/commons-httpclient/commons-httpclient/3.1/commons-httpclient-3.1.jar:/Users/patrickwickham/.m2/repository/commons-logging/commons-logging/1.0.4/commons-logging-1.0.4.jar:/Users/patrickwickham/.m2/repository/commons-codec/commons-codec/1.2/commons-codec-1.2.jar:/Users/patrickwickham/.m2/repository/net/sf/json-lib/json-lib/2.4/json-lib-2.4-jdk15.jar:/Users/patrickwickham/.m2/repository/commons-beanutils/commons-beanutils/1.8.0/commons-beanutils-1.8.0.jar:/Users/patrickwickham/.m2/repository/commons-collections/commons-collections/3.2.1/commons-collections-3.2.1.jar:/Users/patrickwickham/.m2/repository/commons-lang/commons-lang/2.5/commons-lang-2.5.jar:/Users/patrickwickham/.m2/repository/net/sf/ezmorph/ezmorph/1.0.6/ezmorph-1.0.6.jar:/Users/patrickwickham/.m2/repository/com/google/guava/guava/18.0/guava-18.0.jar:/Users/patrickwickham/.m2/repository/com/aquafx-project/aquafx/0.2/aquafx-0.2.jar:/Users/patrickwickham/.m2/repository/com/guigarage/stylemanager/0.1b2/stylemanager-0.1b2.jar
Launcher Type: SUN_STANDARD

Environment Variables:
PATH=/usr/bin:/bin:/usr/sbin:/sbin
SHELL=/bin/bash
DISPLAY=/private/tmp/com.apple.launchd.8YY16Iafbv/org.macosforge.xquartz:0

Signal Handlers:
SIGSEGV: [libjvm.dylib+0x58f13d], sa_mask[0]=11111111011111110111111111111111, sa_flags=SA_ONSTACK|SA_RESTART|SA_SIGINFO
SIGBUS: [libjvm.dylib+0x58f13d], sa_mask[0]=11111111011111110111111111111111, sa_flags=SA_RESTART|SA_SIGINFO
SIGFPE: [libjvm.dylib+0x46c854], sa_mask[0]=11111111011111110111111111111111, sa_flags=SA_RESTART|SA_SIGINFO
SIGPIPE: [libjvm.dylib+0x46c854], sa_mask[0]=11111111011111110111111111111111, sa_flags=SA_RESTART|SA_SIGINFO
SIGXFSZ: [libjvm.dylib+0x46c854], sa_mask[0]=11111111011111110111111111111111, sa_flags=SA_RESTART|SA_SIGINFO
SIGILL: [libjvm.dylib+0x46c854], sa_mask[0]=11111111011111110111111111111111, sa_flags=SA_RESTART|SA_SIGINFO
SIGUSR1: SIG_DFL, sa_mask[0]=00000000000000000000000000000000, sa_flags=none
SIGUSR2: [libjvm.dylib+0x46c372], sa_mask[0]=00100000000000000000000000000000, sa_flags=SA_RESTART|SA_SIGINFO
SIGHUP: [libjvm.dylib+0x46a945], sa_mask[0]=11111111011111110111111111111111, sa_flags=SA_RESTART|SA_SIGINFO
SIGINT: [libjvm.dylib+0x46a945], sa_mask[0]=11111111011111110111111111111111, sa_flags=SA_RESTART|SA_SIGINFO
SIGTERM: [libjvm.dylib+0x46a945], sa_mask[0]=11111111011111110111111111111111, sa_flags=SA_RESTART|SA_SIGINFO
SIGQUIT: [libjvm.dylib+0x46a945], sa_mask[0]=11111111011111110111111111111111, sa_flags=SA_RESTART|SA_SIGINFO


---------------  S Y S T E M  ---------------

OS:Bsduname:Darwin 14.5.0 Darwin Kernel Version 14.5.0: Wed Jul 29 02:26:53 PDT 2015; root:xnu-2782.40.9~1/RELEASE_X86_64 x86_64
rlimit: STACK 8192k, CORE 0k, NPROC 709, NOFILE 10240, AS infinity
load average:3.82 3.45 3.37

CPU:total 4 (2 cores per cpu, 2 threads per core) family 6 model 58 stepping 9, cmov, cx8, fxsr, mmx, sse, sse2, sse3, ssse3, sse4.1, sse4.2, popcnt, avx, aes, clmul, erms, ht, tsc, tscinvbit, tscinv

Memory: 4k page, physical 4194304k(30444k free)

/proc/meminfo:


vm_info: Java HotSpot(TM) 64-Bit Server VM (25.40-b23) for bsd-amd64 JRE (1.8.0_40-ea-b20), built on Dec 31 2014 13:15:56 by "java_re" with gcc 4.2.1 (Based on Apple Inc. build 5658) (LLVM build 2336.11.00)

time: Mon Oct  5 23:02:17 2015
elapsed time: 17 seconds (0d 0h 0m 17s)

